<?xml version="1.0" encoding="UTF-8"?>
<!-- Generated by org.testng.reporters.JUnitReportReporter -->
<testsuite hostname="94ZQ7BS" name="runner.RunTest" tests="1" failures="0" timestamp="14 Feb 2018 12:50:27 GMT" time="0.111" errors="0">
  <testcase name="feature" time="0.111" classname="runner.RunTest"/>
</testsuite> <!-- runner.RunTest -->
