<?xml version="1.0" encoding="UTF-8"?>
<!-- Generated by org.testng.reporters.JUnitReportReporter -->
<testsuite hostname="94ZQ7BS" name="helpers.RunTest" tests="1" failures="0" timestamp="16 Feb 2018 15:01:45 GMT" time="102.446" errors="0">
  <testcase name="feature" time="102.446" classname="helpers.RunTest"/>
</testsuite> <!-- helpers.RunTest -->
