<?xml version="1.0" encoding="UTF-8"?>
<!-- Generated by org.testng.reporters.JUnitReportReporter -->
<testsuite hostname="94ZQ7BS" name="helpers.RunTest" tests="1" failures="0" timestamp="26 Feb 2018 15:00:15 GMT" time="60.383" errors="0">
  <testcase name="feature" time="60.383" classname="helpers.RunTest"/>
</testsuite> <!-- helpers.RunTest -->
